<?xml version="1.0" encoding="UTF-8"?>
<!-- Generated by org.testng.reporters.JUnitReportReporter -->
<testsuite hostname="windows" failures="0" tests="1" name="webtable.DynamicTable" time="3.475" errors="0" timestamp="2020-05-19T22:12:30 PDT" skipped="0">
  <testcase classname="webtable.DynamicTable" name="example" time="3.475"/>
  <system-out/>
</testsuite> <!-- webtable.DynamicTable -->
